Processing -File 'C:\AD' failed because the file does not have a '.ps1' extension. Specify a valid Windows PowerShell script file name, and then try again.
Windows PowerShell
Copyright (C) Microsoft Corporation. All rights reserved.

Install the latest PowerShell for new features and improvements! https://aka.ms/PSWindows

Processing -File 'C:\AD' failed because the file does not have a '.ps1' extension. Specify a valid Windows PowerShell script file name, and then try again.
Windows PowerShell
Copyright (C) Microsoft Corporation. All rights reserved.

Install the latest PowerShell for new features and improvements! https://aka.ms/PSWindows

Processing -File 'C:\AD' failed because the file does not have a '.ps1' extension. Specify a valid Windows PowerShell script file name, and then try again.
Windows PowerShell
Copyright (C) Microsoft Corporation. All rights reserved.

Install the latest PowerShell for new features and improvements! https://aka.ms/PSWindows

Processing -File 'C:\AD' failed because the file does not have a '.ps1' extension. Specify a valid Windows PowerShell script file name, and then try again.
Windows PowerShell
Copyright (C) Microsoft Corporation. All rights reserved.

Install the latest PowerShell for new features and improvements! https://aka.ms/PSWindows

Processing -File 'C:\AD' failed because the file does not have a '.ps1' extension. Specify a valid Windows PowerShell script file name, and then try again.
Windows PowerShell
Copyright (C) Microsoft Corporation. All rights reserved.

Install the latest PowerShell for new features and improvements! https://aka.ms/PSWindows

Processing -File 'C:\AD' failed because the file does not have a '.ps1' extension. Specify a valid Windows PowerShell script file name, and then try again.
Windows PowerShell
Copyright (C) Microsoft Corporation. All rights reserved.

Install the latest PowerShell for new features and improvements! https://aka.ms/PSWindows

Processing -File 'C:\AD' failed because the file does not have a '.ps1' extension. Specify a valid Windows PowerShell script file name, and then try again.
Windows PowerShell
Copyright (C) Microsoft Corporation. All rights reserved.

Install the latest PowerShell for new features and improvements! https://aka.ms/PSWindows

Processing -File 'C:\AD' failed because the file does not have a '.ps1' extension. Specify a valid Windows PowerShell script file name, and then try again.
Windows PowerShell
Copyright (C) Microsoft Corporation. All rights reserved.

Install the latest PowerShell for new features and improvements! https://aka.ms/PSWindows

Processing -File 'C:\AD' failed because the file does not have a '.ps1' extension. Specify a valid Windows PowerShell script file name, and then try again.
Windows PowerShell
Copyright (C) Microsoft Corporation. All rights reserved.

Install the latest PowerShell for new features and improvements! https://aka.ms/PSWindows

Processing -File 'C:\AD' failed because the file does not have a '.ps1' extension. Specify a valid Windows PowerShell script file name, and then try again.
Windows PowerShell
Copyright (C) Microsoft Corporation. All rights reserved.

Install the latest PowerShell for new features and improvements! https://aka.ms/PSWindows

Processing -File 'C:\AD' failed because the file does not have a '.ps1' extension. Specify a valid Windows PowerShell script file name, and then try again.
Windows PowerShell
Copyright (C) Microsoft Corporation. All rights reserved.

Install the latest PowerShell for new features and improvements! https://aka.ms/PSWindows

Processing -File 'C:\AD' failed because the file does not have a '.ps1' extension. Specify a valid Windows PowerShell script file name, and then try again.
Windows PowerShell
Copyright (C) Microsoft Corporation. All rights reserved.

Install the latest PowerShell for new features and improvements! https://aka.ms/PSWindows

Processing -File 'C:\AD' failed because the file does not have a '.ps1' extension. Specify a valid Windows PowerShell script file name, and then try again.
Windows PowerShell
Copyright (C) Microsoft Corporation. All rights reserved.

Install the latest PowerShell for new features and improvements! https://aka.ms/PSWindows

Processing -File 'C:\AD' failed because the file does not have a '.ps1' extension. Specify a valid Windows PowerShell script file name, and then try again.
Windows PowerShell
Copyright (C) Microsoft Corporation. All rights reserved.

Install the latest PowerShell for new features and improvements! https://aka.ms/PSWindows

Processing -File 'C:\AD' failed because the file does not have a '.ps1' extension. Specify a valid Windows PowerShell script file name, and then try again.
Windows PowerShell
Copyright (C) Microsoft Corporation. All rights reserved.

Install the latest PowerShell for new features and improvements! https://aka.ms/PSWindows

Processing -File 'C:\AD' failed because the file does not have a '.ps1' extension. Specify a valid Windows PowerShell script file name, and then try again.
Windows PowerShell
Copyright (C) Microsoft Corporation. All rights reserved.

Install the latest PowerShell for new features and improvements! https://aka.ms/PSWindows

Processing -File 'C:\AD' failed because the file does not have a '.ps1' extension. Specify a valid Windows PowerShell script file name, and then try again.
Windows PowerShell
Copyright (C) Microsoft Corporation. All rights reserved.

Install the latest PowerShell for new features and improvements! https://aka.ms/PSWindows

Processing -File 'C:\AD' failed because the file does not have a '.ps1' extension. Specify a valid Windows PowerShell script file name, and then try again.
Windows PowerShell
Copyright (C) Microsoft Corporation. All rights reserved.

Install the latest PowerShell for new features and improvements! https://aka.ms/PSWindows

Processing -File 'C:\AD' failed because the file does not have a '.ps1' extension. Specify a valid Windows PowerShell script file name, and then try again.
Windows PowerShell
Copyright (C) Microsoft Corporation. All rights reserved.

Install the latest PowerShell for new features and improvements! https://aka.ms/PSWindows

Processing -File 'C:\AD' failed because the file does not have a '.ps1' extension. Specify a valid Windows PowerShell script file name, and then try again.
Windows PowerShell
Copyright (C) Microsoft Corporation. All rights reserved.

Install the latest PowerShell for new features and improvements! https://aka.ms/PSWindows

Processing -File 'C:\AD' failed because the file does not have a '.ps1' extension. Specify a valid Windows PowerShell script file name, and then try again.
Windows PowerShell
Copyright (C) Microsoft Corporation. All rights reserved.

Install the latest PowerShell for new features and improvements! https://aka.ms/PSWindows

Processing -File 'C:\AD' failed because the file does not have a '.ps1' extension. Specify a valid Windows PowerShell script file name, and then try again.
Windows PowerShell
Copyright (C) Microsoft Corporation. All rights reserved.

Install the latest PowerShell for new features and improvements! https://aka.ms/PSWindows

Processing -File 'C:\AD' failed because the file does not have a '.ps1' extension. Specify a valid Windows PowerShell script file name, and then try again.
Windows PowerShell
Copyright (C) Microsoft Corporation. All rights reserved.

Install the latest PowerShell for new features and improvements! https://aka.ms/PSWindows


  AD User Editor running at http://localhost:8080
  Press Ctrl+C to stop.


  AD User Editor running at http://localhost:8080
  Press Ctrl+C to stop.


  AD User Editor running at http://localhost:8080
  Press Ctrl+C to stop.


  AD User Editor running at http://localhost:8080
  Press Ctrl+C to stop.


  AD User Editor running at http://localhost:8080
  Press Ctrl+C to stop.


  AD User Editor running at http://localhost:8080
  Press Ctrl+C to stop.


  AD User Editor running at http://localhost:8080
  Press Ctrl+C to stop.


  AD User Editor running at http://localhost:8080
  Press Ctrl+C to stop.

  AD User Editor running at http://localhost:8080
  AD User Editor running at http://localhost:8080
  AD User Editor running at http://localhost:8080
  AD User Editor running at http://localhost:8080
Running on 8080
Running on 8080
Running on 8080
Running on 8080
Running on 8080
  AD User Editor running at http://localhost:8080
Running
Running
  AD User Editor running at http://localhost:8080
Running
Running
Running
AD User Editor running at http://localhost:8080
At C:\ADUserEditor\Start-ADWebEditor.ps1:127 char:111
+ ... bject { $_.Properties['employeeNumber'][0] } | Where-Object { Start-P ...
+                                                                 ~
Missing closing '}' in statement block or type definition.
At C:\ADUserEditor\Start-ADWebEditor.ps1:546 char:2
+  } | ForEach-Object { [int]$_ })
+  ~
Unexpected token '}' in expression or statement.
At C:\ADUserEditor\Start-ADWebEditor.ps1:546 char:4
+  } | ForEach-Object { [int]$_ })
+    ~
An empty pipe element is not allowed.
At C:\ADUserEditor\Start-ADWebEditor.ps1:546 char:32
+  } | ForEach-Object { [int]$_ })
+                                ~
Unexpected token ')' in expression or statement.
At C:\ADUserEditor\Start-ADWebEditor.ps1:550 char:9
+         } else { Write-PodeJsonResponse -Value @{ inUse = $false } }
+         ~
Unexpected token '}' in expression or statement.
At C:\ADUserEditor\Start-ADWebEditor.ps1:551 char:5
+     }
+     ~
Unexpected token '}' in expression or statement.
At C:\ADUserEditor\Start-ADWebEditor.ps1:553 char:1
+ }
+ ~
Unexpected token '}' in expression or statement.
At C:\ADUserEditor\Start-ADWebEditor.ps1:555 char:2
+  })
+  ~
Unexpected token '}' in expression or statement.
At C:\ADUserEditor\Start-ADWebEditor.ps1:555 char:3
+  })
+   ~
Unexpected token ')' in expression or statement.
At C:\ADUserEditor\Start-ADWebEditor.ps1:559 char:9
+         } else { Write-PodeJsonResponse -Value @{ inUse = $false } }
+         ~
Unexpected token '}' in expression or statement.
Not all parse errors were reported.  Correct the reported errors and try again.
    + CategoryInfo          : ParserError: (:) [], ParentContainsErrorRecordException
    + FullyQualifiedErrorId : MissingEndCurlyBrace
 
At C:\ADUserEditor\Start-ADWebEditor.ps1:127 char:111
+ ... bject { $_.Properties['employeeNumber'][0] } | Where-Object { Start-P ...
+                                                                 ~
Missing closing '}' in statement block or type definition.
At C:\ADUserEditor\Start-ADWebEditor.ps1:546 char:2
+  } | ForEach-Object { [int]$_ })
+  ~
Unexpected token '}' in expression or statement.
At C:\ADUserEditor\Start-ADWebEditor.ps1:546 char:4
+  } | ForEach-Object { [int]$_ })
+    ~
An empty pipe element is not allowed.
At C:\ADUserEditor\Start-ADWebEditor.ps1:546 char:32
+  } | ForEach-Object { [int]$_ })
+                                ~
Unexpected token ')' in expression or statement.
At C:\ADUserEditor\Start-ADWebEditor.ps1:550 char:9
+         } else { Write-PodeJsonResponse -Value @{ inUse = $false } }
+         ~
Unexpected token '}' in expression or statement.
At C:\ADUserEditor\Start-ADWebEditor.ps1:551 char:5
+     }
+     ~
Unexpected token '}' in expression or statement.
At C:\ADUserEditor\Start-ADWebEditor.ps1:553 char:1
+ }
+ ~
Unexpected token '}' in expression or statement.
At C:\ADUserEditor\Start-ADWebEditor.ps1:555 char:2
+  })
+  ~
Unexpected token '}' in expression or statement.
At C:\ADUserEditor\Start-ADWebEditor.ps1:555 char:3
+  })
+   ~
Unexpected token ')' in expression or statement.
At C:\ADUserEditor\Start-ADWebEditor.ps1:559 char:9
+         } else { Write-PodeJsonResponse -Value @{ inUse = $false } }
+         ~
Unexpected token '}' in expression or statement.
Not all parse errors were reported.  Correct the reported errors and try again.
    + CategoryInfo          : ParserError: (:) [], ParentContainsErrorRecordException
    + FullyQualifiedErrorId : MissingEndCurlyBrace
 
At C:\ADUserEditor\Start-ADWebEditor.ps1:127 char:111
+ ... bject { $_.Properties['employeeNumber'][0] } | Where-Object { Start-P ...
+                                                                 ~
Missing closing '}' in statement block or type definition.
At C:\ADUserEditor\Start-ADWebEditor.ps1:546 char:2
+  } | ForEach-Object { [int]$_ })
+  ~
Unexpected token '}' in expression or statement.
At C:\ADUserEditor\Start-ADWebEditor.ps1:546 char:4
+  } | ForEach-Object { [int]$_ })
+    ~
An empty pipe element is not allowed.
At C:\ADUserEditor\Start-ADWebEditor.ps1:546 char:32
+  } | ForEach-Object { [int]$_ })
+                                ~
Unexpected token ')' in expression or statement.
At C:\ADUserEditor\Start-ADWebEditor.ps1:550 char:9
+         } else { Write-PodeJsonResponse -Value @{ inUse = $false } }
+         ~
Unexpected token '}' in expression or statement.
At C:\ADUserEditor\Start-ADWebEditor.ps1:551 char:5
+     }
+     ~
Unexpected token '}' in expression or statement.
At C:\ADUserEditor\Start-ADWebEditor.ps1:553 char:1
+ }
+ ~
Unexpected token '}' in expression or statement.
At C:\ADUserEditor\Start-ADWebEditor.ps1:555 char:2
+  })
+  ~
Unexpected token '}' in expression or statement.
At C:\ADUserEditor\Start-ADWebEditor.ps1:555 char:3
+  })
+   ~
Unexpected token ')' in expression or statement.
At C:\ADUserEditor\Start-ADWebEditor.ps1:559 char:9
+         } else { Write-PodeJsonResponse -Value @{ inUse = $false } }
+         ~
Unexpected token '}' in expression or statement.
Not all parse errors were reported.  Correct the reported errors and try again.
    + CategoryInfo          : ParserError: (:) [], ParentContainsErrorRecordException
    + FullyQualifiedErrorId : MissingEndCurlyBrace
 
At C:\ADUserEditor\Start-ADWebEditor.ps1:127 char:111
+ ... bject { $_.Properties['employeeNumber'][0] } | Where-Object { Start-P ...
+                                                                 ~
Missing closing '}' in statement block or type definition.
At C:\ADUserEditor\Start-ADWebEditor.ps1:546 char:2
+  } | ForEach-Object { [int]$_ })
+  ~
Unexpected token '}' in expression or statement.
At C:\ADUserEditor\Start-ADWebEditor.ps1:546 char:4
+  } | ForEach-Object { [int]$_ })
+    ~
An empty pipe element is not allowed.
At C:\ADUserEditor\Start-ADWebEditor.ps1:546 char:32
+  } | ForEach-Object { [int]$_ })
+                                ~
Unexpected token ')' in expression or statement.
At C:\ADUserEditor\Start-ADWebEditor.ps1:550 char:9
+         } else { Write-PodeJsonResponse -Value @{ inUse = $false } }
+         ~
Unexpected token '}' in expression or statement.
At C:\ADUserEditor\Start-ADWebEditor.ps1:551 char:5
+     }
+     ~
Unexpected token '}' in expression or statement.
At C:\ADUserEditor\Start-ADWebEditor.ps1:553 char:1
+ }
+ ~
Unexpected token '}' in expression or statement.
At C:\ADUserEditor\Start-ADWebEditor.ps1:555 char:2
+  })
+  ~
Unexpected token '}' in expression or statement.
At C:\ADUserEditor\Start-ADWebEditor.ps1:555 char:3
+  })
+   ~
Unexpected token ')' in expression or statement.
At C:\ADUserEditor\Start-ADWebEditor.ps1:559 char:9
+         } else { Write-PodeJsonResponse -Value @{ inUse = $false } }
+         ~
Unexpected token '}' in expression or statement.
Not all parse errors were reported.  Correct the reported errors and try again.
    + CategoryInfo          : ParserError: (:) [], ParentContainsErrorRecordException
    + FullyQualifiedErrorId : MissingEndCurlyBrace
 
AD User Editor running at http://localhost:8080
AD User Editor running at http://localhost:8080
AD User Editor running at http://localhost:8080
AD User Editor running at http://localhost:8080
  AD User Editor running at http://localhost:8080
  AD User Editor running at http://localhost:8080
  AD User Editor running at http://localhost:8080
  AD User Editor running at http://localhost:8080
  AD User Editor running at http://localhost:8080
At C:\ADUserEditor\Start-ADWebEditor.ps1:744 char:66
+ ...  User Editor running at http://localhost:8080' -ForegroundColor Green
+                                                  ~~~~~~~~~~~~~~~~~~~~~~~~
The string is missing the terminator: '.
At C:\ADUserEditor\Start-ADWebEditor.ps1:355 char:21
+         if ($match) {
+                     ~
Missing closing '}' in statement block or type definition.
At C:\ADUserEditor\Start-ADWebEditor.ps1:347 char:78
+ ... odeRoute -Method Get -Path '/api/empnum/check/:number' -ScriptBlock {
+                                                                         ~
Missing closing '}' in statement block or type definition.
At C:\ADUserEditor\Start-ADWebEditor.ps1:99 char:29
+ Start-PodeServer -Threads 2 {
+                             ~
Missing closing '}' in statement block or type definition.
    + CategoryInfo          : ParserError: (:) [], ParentContainsErrorRecordException
    + FullyQualifiedErrorId : TerminatorExpectedAtEndOfString
 
At C:\ADUserEditor\Start-ADWebEditor.ps1:744 char:66
+ ...  User Editor running at http://localhost:8080' -ForegroundColor Green
+                                                  ~~~~~~~~~~~~~~~~~~~~~~~~
The string is missing the terminator: '.
At C:\ADUserEditor\Start-ADWebEditor.ps1:355 char:21
+         if ($match) {
+                     ~
Missing closing '}' in statement block or type definition.
At C:\ADUserEditor\Start-ADWebEditor.ps1:347 char:78
+ ... odeRoute -Method Get -Path '/api/empnum/check/:number' -ScriptBlock {
+                                                                         ~
Missing closing '}' in statement block or type definition.
At C:\ADUserEditor\Start-ADWebEditor.ps1:99 char:29
+ Start-PodeServer -Threads 2 {
+                             ~
Missing closing '}' in statement block or type definition.
    + CategoryInfo          : ParserError: (:) [], ParentContainsErrorRecordException
    + FullyQualifiedErrorId : TerminatorExpectedAtEndOfString
 
At C:\ADUserEditor\Start-ADWebEditor.ps1:744 char:66
+ ...  User Editor running at http://localhost:8080' -ForegroundColor Green
+                                                  ~~~~~~~~~~~~~~~~~~~~~~~~
The string is missing the terminator: '.
At C:\ADUserEditor\Start-ADWebEditor.ps1:355 char:21
+         if ($match) {
+                     ~
Missing closing '}' in statement block or type definition.
At C:\ADUserEditor\Start-ADWebEditor.ps1:347 char:78
+ ... odeRoute -Method Get -Path '/api/empnum/check/:number' -ScriptBlock {
+                                                                         ~
Missing closing '}' in statement block or type definition.
At C:\ADUserEditor\Start-ADWebEditor.ps1:99 char:29
+ Start-PodeServer -Threads 2 {
+                             ~
Missing closing '}' in statement block or type definition.
    + CategoryInfo          : ParserError: (:) [], ParentContainsErrorRecordException
    + FullyQualifiedErrorId : TerminatorExpectedAtEndOfString
 
At C:\ADUserEditor\Start-ADWebEditor.ps1:744 char:66
+ ...  User Editor running at http://localhost:8080' -ForegroundColor Green
+                                                  ~~~~~~~~~~~~~~~~~~~~~~~~
The string is missing the terminator: '.
At C:\ADUserEditor\Start-ADWebEditor.ps1:355 char:21
+         if ($match) {
+                     ~
Missing closing '}' in statement block or type definition.
At C:\ADUserEditor\Start-ADWebEditor.ps1:347 char:78
+ ... odeRoute -Method Get -Path '/api/empnum/check/:number' -ScriptBlock {
+                                                                         ~
Missing closing '}' in statement block or type definition.
At C:\ADUserEditor\Start-ADWebEditor.ps1:99 char:29
+ Start-PodeServer -Threads 2 {
+                             ~
Missing closing '}' in statement block or type definition.
    + CategoryInfo          : ParserError: (:) [], ParentContainsErrorRecordException
    + FullyQualifiedErrorId : TerminatorExpectedAtEndOfString
 
At C:\ADUserEditor\Start-ADWebEditor.ps1:744 char:66
+ ...  User Editor running at http://localhost:8080' -ForegroundColor Green
+                                                  ~~~~~~~~~~~~~~~~~~~~~~~~
The string is missing the terminator: '.
At C:\ADUserEditor\Start-ADWebEditor.ps1:355 char:21
+         if ($match) {
+                     ~
Missing closing '}' in statement block or type definition.
At C:\ADUserEditor\Start-ADWebEditor.ps1:347 char:78
+ ... odeRoute -Method Get -Path '/api/empnum/check/:number' -ScriptBlock {
+                                                                         ~
Missing closing '}' in statement block or type definition.
At C:\ADUserEditor\Start-ADWebEditor.ps1:99 char:29
+ Start-PodeServer -Threads 2 {
+                             ~
Missing closing '}' in statement block or type definition.
    + CategoryInfo          : ParserError: (:) [], ParentContainsErrorRecordException
    + FullyQualifiedErrorId : TerminatorExpectedAtEndOfString
 
At C:\ADUserEditor\Start-ADWebEditor.ps1:744 char:66
+ ...  User Editor running at http://localhost:8080' -ForegroundColor Green
+                                                  ~~~~~~~~~~~~~~~~~~~~~~~~
The string is missing the terminator: '.
At C:\ADUserEditor\Start-ADWebEditor.ps1:355 char:21
+         if ($match) {
+                     ~
Missing closing '}' in statement block or type definition.
At C:\ADUserEditor\Start-ADWebEditor.ps1:347 char:78
+ ... odeRoute -Method Get -Path '/api/empnum/check/:number' -ScriptBlock {
+                                                                         ~
Missing closing '}' in statement block or type definition.
At C:\ADUserEditor\Start-ADWebEditor.ps1:99 char:29
+ Start-PodeServer -Threads 2 {
+                             ~
Missing closing '}' in statement block or type definition.
    + CategoryInfo          : ParserError: (:) [], ParentContainsErrorRecordException
    + FullyQualifiedErrorId : TerminatorExpectedAtEndOfString
 
At C:\ADUserEditor\Start-ADWebEditor.ps1:744 char:66
+ ...  User Editor running at http://localhost:8080' -ForegroundColor Green
+                                                  ~~~~~~~~~~~~~~~~~~~~~~~~
The string is missing the terminator: '.
At C:\ADUserEditor\Start-ADWebEditor.ps1:355 char:21
+         if ($match) {
+                     ~
Missing closing '}' in statement block or type definition.
At C:\ADUserEditor\Start-ADWebEditor.ps1:347 char:78
+ ... odeRoute -Method Get -Path '/api/empnum/check/:number' -ScriptBlock {
+                                                                         ~
Missing closing '}' in statement block or type definition.
At C:\ADUserEditor\Start-ADWebEditor.ps1:99 char:29
+ Start-PodeServer -Threads 2 {
+                             ~
Missing closing '}' in statement block or type definition.
    + CategoryInfo          : ParserError: (:) [], ParentContainsErrorRecordException
    + FullyQualifiedErrorId : TerminatorExpectedAtEndOfString
 
At C:\ADUserEditor\Start-ADWebEditor.ps1:744 char:66
+ ...  User Editor running at http://localhost:8080' -ForegroundColor Green
+                                                  ~~~~~~~~~~~~~~~~~~~~~~~~
The string is missing the terminator: '.
At C:\ADUserEditor\Start-ADWebEditor.ps1:355 char:21
+         if ($match) {
+                     ~
Missing closing '}' in statement block or type definition.
At C:\ADUserEditor\Start-ADWebEditor.ps1:347 char:78
+ ... odeRoute -Method Get -Path '/api/empnum/check/:number' -ScriptBlock {
+                                                                         ~
Missing closing '}' in statement block or type definition.
At C:\ADUserEditor\Start-ADWebEditor.ps1:99 char:29
+ Start-PodeServer -Threads 2 {
+                             ~
Missing closing '}' in statement block or type definition.
    + CategoryInfo          : ParserError: (:) [], ParentContainsErrorRecordException
    + FullyQualifiedErrorId : TerminatorExpectedAtEndOfString
 
At C:\ADUserEditor\Start-ADWebEditor.ps1:744 char:66
+ ...  User Editor running at http://localhost:8080' -ForegroundColor Green
+                                                  ~~~~~~~~~~~~~~~~~~~~~~~~
The string is missing the terminator: '.
At C:\ADUserEditor\Start-ADWebEditor.ps1:355 char:21
+         if ($match) {
+                     ~
Missing closing '}' in statement block or type definition.
At C:\ADUserEditor\Start-ADWebEditor.ps1:347 char:78
+ ... odeRoute -Method Get -Path '/api/empnum/check/:number' -ScriptBlock {
+                                                                         ~
Missing closing '}' in statement block or type definition.
At C:\ADUserEditor\Start-ADWebEditor.ps1:99 char:29
+ Start-PodeServer -Threads 2 {
+                             ~
Missing closing '}' in statement block or type definition.
    + CategoryInfo          : ParserError: (:) [], ParentContainsErrorRecordException
    + FullyQualifiedErrorId : TerminatorExpectedAtEndOfString
 
At C:\ADUserEditor\Start-ADWebEditor.ps1:744 char:66
+ ...  User Editor running at http://localhost:8080' -ForegroundColor Green
+                                                  ~~~~~~~~~~~~~~~~~~~~~~~~
The string is missing the terminator: '.
At C:\ADUserEditor\Start-ADWebEditor.ps1:355 char:21
+         if ($match) {
+                     ~
Missing closing '}' in statement block or type definition.
At C:\ADUserEditor\Start-ADWebEditor.ps1:347 char:78
+ ... odeRoute -Method Get -Path '/api/empnum/check/:number' -ScriptBlock {
+                                                                         ~
Missing closing '}' in statement block or type definition.
At C:\ADUserEditor\Start-ADWebEditor.ps1:99 char:29
+ Start-PodeServer -Threads 2 {
+                             ~
Missing closing '}' in statement block or type definition.
    + CategoryInfo          : ParserError: (:) [], ParentContainsErrorRecordException
    + FullyQualifiedErrorId : TerminatorExpectedAtEndOfString
 
At C:\ADUserEditor\Start-ADWebEditor.ps1:749 char:66
+ ...  User Editor running at http://localhost:8080' -ForegroundColor Green
+                                                  ~~~~~~~~~~~~~~~~~~~~~~~~
The string is missing the terminator: '.
At C:\ADUserEditor\Start-ADWebEditor.ps1:355 char:21
+         if ($match) {
+                     ~
Missing closing '}' in statement block or type definition.
At C:\ADUserEditor\Start-ADWebEditor.ps1:347 char:78
+ ... odeRoute -Method Get -Path '/api/empnum/check/:number' -ScriptBlock {
+                                                                         ~
Missing closing '}' in statement block or type definition.
At C:\ADUserEditor\Start-ADWebEditor.ps1:99 char:29
+ Start-PodeServer -Threads 2 {
+                             ~
Missing closing '}' in statement block or type definition.
    + CategoryInfo          : ParserError: (:) [], ParentContainsErrorRecordException
    + FullyQualifiedErrorId : TerminatorExpectedAtEndOfString
 
At C:\ADUserEditor\Start-ADWebEditor.ps1:749 char:66
+ ...  User Editor running at http://localhost:8080' -ForegroundColor Green
+                                                  ~~~~~~~~~~~~~~~~~~~~~~~~
The string is missing the terminator: '.
At C:\ADUserEditor\Start-ADWebEditor.ps1:355 char:21
+         if ($match) {
+                     ~
Missing closing '}' in statement block or type definition.
At C:\ADUserEditor\Start-ADWebEditor.ps1:347 char:78
+ ... odeRoute -Method Get -Path '/api/empnum/check/:number' -ScriptBlock {
+                                                                         ~
Missing closing '}' in statement block or type definition.
At C:\ADUserEditor\Start-ADWebEditor.ps1:99 char:29
+ Start-PodeServer -Threads 2 {
+                             ~
Missing closing '}' in statement block or type definition.
    + CategoryInfo          : ParserError: (:) [], ParentContainsErrorRecordException
    + FullyQualifiedErrorId : TerminatorExpectedAtEndOfString
 
At C:\ADUserEditor\Start-ADWebEditor.ps1:749 char:66
+ ...  User Editor running at http://localhost:8080' -ForegroundColor Green
+                                                  ~~~~~~~~~~~~~~~~~~~~~~~~
The string is missing the terminator: '.
At C:\ADUserEditor\Start-ADWebEditor.ps1:355 char:21
+         if ($match) {
+                     ~
Missing closing '}' in statement block or type definition.
At C:\ADUserEditor\Start-ADWebEditor.ps1:347 char:78
+ ... odeRoute -Method Get -Path '/api/empnum/check/:number' -ScriptBlock {
+                                                                         ~
Missing closing '}' in statement block or type definition.
At C:\ADUserEditor\Start-ADWebEditor.ps1:99 char:29
+ Start-PodeServer -Threads 2 {
+                             ~
Missing closing '}' in statement block or type definition.
    + CategoryInfo          : ParserError: (:) [], ParentContainsErrorRecordException
    + FullyQualifiedErrorId : TerminatorExpectedAtEndOfString
 
At C:\ADUserEditor\Start-ADWebEditor.ps1:749 char:66
+ ...  User Editor running at http://localhost:8080' -ForegroundColor Green
+                                                  ~~~~~~~~~~~~~~~~~~~~~~~~
The string is missing the terminator: '.
At C:\ADUserEditor\Start-ADWebEditor.ps1:355 char:21
+         if ($match) {
+                     ~
Missing closing '}' in statement block or type definition.
At C:\ADUserEditor\Start-ADWebEditor.ps1:347 char:78
+ ... odeRoute -Method Get -Path '/api/empnum/check/:number' -ScriptBlock {
+                                                                         ~
Missing closing '}' in statement block or type definition.
At C:\ADUserEditor\Start-ADWebEditor.ps1:99 char:29
+ Start-PodeServer -Threads 2 {
+                             ~
Missing closing '}' in statement block or type definition.
    + CategoryInfo          : ParserError: (:) [], ParentContainsErrorRecordException
    + FullyQualifiedErrorId : TerminatorExpectedAtEndOfString
 
At C:\ADUserEditor\Start-ADWebEditor.ps1:749 char:66
+ ...  User Editor running at http://localhost:8080' -ForegroundColor Green
+                                                  ~~~~~~~~~~~~~~~~~~~~~~~~
The string is missing the terminator: '.
At C:\ADUserEditor\Start-ADWebEditor.ps1:355 char:21
+         if ($match) {
+                     ~
Missing closing '}' in statement block or type definition.
At C:\ADUserEditor\Start-ADWebEditor.ps1:347 char:78
+ ... odeRoute -Method Get -Path '/api/empnum/check/:number' -ScriptBlock {
+                                                                         ~
Missing closing '}' in statement block or type definition.
At C:\ADUserEditor\Start-ADWebEditor.ps1:99 char:29
+ Start-PodeServer -Threads 2 {
+                             ~
Missing closing '}' in statement block or type definition.
    + CategoryInfo          : ParserError: (:) [], ParentContainsErrorRecordException
    + FullyQualifiedErrorId : TerminatorExpectedAtEndOfString
 
At C:\ADUserEditor\Start-ADWebEditor.ps1:749 char:66
+ ...  User Editor running at http://localhost:8080' -ForegroundColor Green
+                                                  ~~~~~~~~~~~~~~~~~~~~~~~~
The string is missing the terminator: '.
At C:\ADUserEditor\Start-ADWebEditor.ps1:355 char:21
+         if ($match) {
+                     ~
Missing closing '}' in statement block or type definition.
At C:\ADUserEditor\Start-ADWebEditor.ps1:347 char:78
+ ... odeRoute -Method Get -Path '/api/empnum/check/:number' -ScriptBlock {
+                                                                         ~
Missing closing '}' in statement block or type definition.
At C:\ADUserEditor\Start-ADWebEditor.ps1:99 char:29
+ Start-PodeServer -Threads 2 {
+                             ~
Missing closing '}' in statement block or type definition.
    + CategoryInfo          : ParserError: (:) [], ParentContainsErrorRecordException
    + FullyQualifiedErrorId : TerminatorExpectedAtEndOfString
 
  AD User Editor running at http://localhost:8080
AD User Editor running at http://localhost:8080
